8655  22:11:38 select(12, [3 6 11], [], NULL, NULL) = 1 (in [3])
8655  22:11:46 rt_sigprocmask(SIG_BLOCK, [CHLD], [], 8) = 0
8655  22:11:46 rt_sigprocmask(SIG_SETMASK, [], NULL, 8) = 0
8655  22:11:46 clock_gettime(CLOCK_BOOTTIME, {14175, 201301993}) = 0
8655  22:11:46 read(3, "\0\0\0\20\2056\204O\230\234|k\271\252Y\36\5%\0072w\275\373\204y\377]\225j6\337\250"..., 16384) = 36
8655  22:11:46 clock_gettime(CLOCK_BOOTTIME, {14175, 201425533}) = 0
8655  22:11:46 select(12, [3 6 11], [9], NULL, NULL) = 1 (out [9])
8655  22:11:46 rt_sigprocmask(SIG_BLOCK, [CHLD], [], 8) = 0
8655  22:11:46 rt_sigprocmask(SIG_SETMASK, [], NULL, 8) = 0
8655  22:11:46 clock_gettime(CLOCK_BOOTTIME, {14175, 201513162}) = 0
8655  22:11:46 write(9, "i", 1)         = 1
8655  22:11:46 ioctl(9, TCGETS, {B38400 opost isig -icanon -echo ...}) = 0
8655  22:11:46 clock_gettime(CLOCK_BOOTTIME, {14175, 201610694}) = 0
8655  22:11:46 select(12, [3 6 11], [], NULL, NULL) = 1 (in [11])
8655  22:11:46 rt_sigprocmask(SIG_BLOCK, [CHLD], [], 8) = 0
8655  22:11:46 rt_sigprocmask(SIG_SETMASK, [], NULL, 8) = 0
8655  22:11:46 clock_gettime(CLOCK_BOOTTIME, {14175, 201902193}) = 0
8655  22:11:46 read(11, "i", 16384)     = 1
8655  22:11:46 clock_gettime(CLOCK_BOOTTIME, {14175, 201945621}) = 0
8655  22:11:46 select(12, [3 6 11], [3], NULL, NULL) = 1 (out [3])
8655  22:11:46 rt_sigprocmask(SIG_BLOCK, [CHLD], [], 8) = 0
8655  22:11:46 rt_sigprocmask(SIG_SETMASK, [], NULL, 8) = 0
8655  22:11:46 clock_gettime(CLOCK_BOOTTIME, {14175, 202020151}) = 0
8655  22:11:46 write(3, "\0\0\0\20\223\n\3067@F5=8\231\275\316\262!\353\23\327}ef5\226\364h\250\275)\333"..., 36) = 36
8655  22:11:46 clock_gettime(CLOCK_BOOTTIME, {14175, 202191785}) = 0
8655  22:11:46 select(12, [3 6 11], [], NULL, NULL) = 1 (in [3])
8655  22:11:48 rt_sigprocmask(SIG_BLOCK, [CHLD], [], 8) = 0
8655  22:11:48 rt_sigprocmask(SIG_SETMASK, [], NULL, 8) = 0
8655  22:11:48 clock_gettime(CLOCK_BOOTTIME, {14177, 141281597}) = 0
8655  22:11:48 read(3, "\0\0\0\20\267\320L%|IK\212\250\323\221/xR\246\272\250\215\266\37\3\244)\260\206;\30\25"..., 16384) = 36
8655  22:11:48 clock_gettime(CLOCK_BOOTTIME, {14177, 141350797}) = 0
8655  22:11:48 select(12, [3 6 11], [9], NULL, NULL) = 1 (out [9])
8655  22:11:48 rt_sigprocmask(SIG_BLOCK, [CHLD], [], 8) = 0
8655  22:11:48 rt_sigprocmask(SIG_SETMASK, [], NULL, 8) = 0
8655  22:11:48 clock_gettime(CLOCK_BOOTTIME, {14177, 141500229}) = 0
8655  22:11:48 write(9, "p", 1)         = 1
8655  22:11:48 ioctl(9, TCGETS, {B38400 opost isig -icanon -echo ...}) = 0
8655  22:11:48 clock_gettime(CLOCK_BOOTTIME, {14177, 141602241}) = 0
8655  22:11:48 select(12, [3 6 11], [], NULL, NULL) = 1 (in [11])
8655  22:11:48 rt_sigprocmask(SIG_BLOCK, [CHLD], [], 8) = 0
8655  22:11:48 rt_sigprocmask(SIG_SETMASK, [], NULL, 8) = 0
8655  22:11:48 clock_gettime(CLOCK_BOOTTIME, {14177, 141680367}) = 0
8655  22:11:48 read(11, "p", 16384)     = 1
8655  22:11:48 clock_gettime(CLOCK_BOOTTIME, {14177, 141728614}) = 0
8655  22:11:48 select(12, [3 6 11], [3], NULL, NULL) = 1 (out [3])
8655  22:11:48 rt_sigprocmask(SIG_BLOCK, [CHLD], [], 8) = 0
8655  22:11:48 rt_sigprocmask(SIG_SETMASK, [], NULL, 8) = 0
8655  22:11:48 clock_gettime(CLOCK_BOOTTIME, {14177, 141794958}) = 0
8655  22:11:48 write(3, "\0\0\0\20r\352\256\3177I\377\177\200S\302\255\235E\244\1o\301\264\304\n-\241\373\270O\237x"..., 36) = 36
8655  22:11:48 clock_gettime(CLOCK_BOOTTIME, {14177, 141944628}) = 0
8655  22:11:48 select(12, [3 6 11], [], NULL, NULL) = 1 (in [3])
8655  22:11:51 rt_sigprocmask(SIG_BLOCK, [CHLD], [], 8) = 0
8655  22:11:51 rt_sigprocmask(SIG_SETMASK, [], NULL, 8) = 0
8655  22:11:51 clock_gettime(CLOCK_BOOTTIME, {14179, 522598388}) = 0
8655  22:11:51 read(3, "\0\0\0\20q\375\360\320\22\"\235Mw\267\23\223\270!N\2646$\322}k`\363x)\177L\322"..., 16384) = 36
8655  22:11:51 clock_gettime(CLOCK_BOOTTIME, {14179, 522656520}) = 0
8655  22:11:51 select(12, [3 6 11], [9], NULL, NULL) = 1 (out [9])
8655  22:11:51 rt_sigprocmask(SIG_BLOCK, [CHLD], [], 8) = 0
8655  22:11:51 rt_sigprocmask(SIG_SETMASK, [], NULL, 8) = 0
8655  22:11:51 clock_gettime(CLOCK_BOOTTIME, {14179, 522788478}) = 0
8655  22:11:51 write(9, "\10", 1)       = 1
8655  22:11:51 ioctl(9, TCGETS, {B38400 opost isig -icanon -echo ...}) = 0
8655  22:11:51 clock_gettime(CLOCK_BOOTTIME, {14179, 522879463}) = 0
8655  22:11:51 select(12, [3 6 11], [], NULL, NULL) = 1 (in [11])
8655  22:11:51 rt_sigprocmask(SIG_BLOCK, [CHLD], [], 8) = 0
8655  22:11:51 rt_sigprocmask(SIG_SETMASK, [], NULL, 8) = 0
8655  22:11:51 clock_gettime(CLOCK_BOOTTIME, {14179, 525188641}) = 0
8655  22:11:51 read(11, "\10\33[K", 16384) = 4
8655  22:11:51 clock_gettime(CLOCK_BOOTTIME, {14179, 525251686}) = 0
8655  22:11:51 select(12, [3 6 11], [3], NULL, NULL) = 1 (out [3])
8655  22:11:51 rt_sigprocmask(SIG_BLOCK, [CHLD], [], 8) = 0
8655  22:11:51 rt_sigprocmask(SIG_SETMASK, [], NULL, 8) = 0
8655  22:11:51 clock_gettime(CLOCK_BOOTTIME, {14179, 525346094}) = 0
8655  22:11:51 write(3, "\0\0\0 \261.\225\312\217\217\313\362^9\5\34\27M\31\262\351y\267\344\301\242\236\351q&\330\307"..., 52) = 52
8655  22:11:51 clock_gettime(CLOCK_BOOTTIME, {14179, 525571846}) = 0
8655  22:11:51 select(12, [3 6 11], [], NULL, NULL) = 1 (in [3])
8655  22:11:51 rt_sigprocmask(SIG_BLOCK, [CHLD], [], 8) = 0
8655  22:11:51 rt_sigprocmask(SIG_SETMASK, [], NULL, 8) = 0
8655  22:11:51 clock_gettime(CLOCK_BOOTTIME, {14179, 761886442}) = 0
8655  22:11:51 read(3, "\0\0\0\20\5\271\353V\241L\344\223\257l\366\226\370\375\370\20\35\275$\351\265\352\366\310\205<\223T"..., 16384) = 36
8655  22:11:51 clock_gettime(CLOCK_BOOTTIME, {14179, 761940847}) = 0
8655  22:11:51 select(12, [3 6 11], [9], NULL, NULL) = 1 (out [9])
8655  22:11:51 rt_sigprocmask(SIG_BLOCK, [CHLD], [], 8) = 0
8655  22:11:51 rt_sigprocmask(SIG_SETMASK, [], NULL, 8) = 0
8655  22:11:51 clock_gettime(CLOCK_BOOTTIME, {14179, 762012825}) = 0
8655  22:11:51 write(9, "\10", 1)       = 1
8655  22:11:51 ioctl(9, TCGETS, {B38400 opost isig -icanon -echo ...}) = 0
8655  22:11:51 clock_gettime(CLOCK_BOOTTIME, {14179, 762118278}) = 0
8655  22:11:51 select(12, [3 6 11], [], NULL, NULL) = 1 (in [11])
8655  22:11:51 rt_sigprocmask(SIG_BLOCK, [CHLD], [], 8) = 0
8655  22:11:51 rt_sigprocmask(SIG_SETMASK, [], NULL, 8) = 0
8655  22:11:51 clock_gettime(CLOCK_BOOTTIME, {14179, 762193780}) = 0
8655  22:11:51 read(11, "\10\33[K", 16384) = 4
8655  22:11:51 clock_gettime(CLOCK_BOOTTIME, {14179, 762242863}) = 0
8655  22:11:51 select(12, [3 6 11], [3], NULL, NULL) = 1 (out [3])
8655  22:11:51 rt_sigprocmask(SIG_BLOCK, [CHLD], [], 8) = 0
8655  22:11:51 rt_sigprocmask(SIG_SETMASK, [], NULL, 8) = 0
8655  22:11:51 clock_gettime(CLOCK_BOOTTIME, {14179, 762309164}) = 0
8655  22:11:51 write(3, "\0\0\0 \220\230\322\355\371+\341 \366_\275u\1g\211\304dye0>\235\3222\1\270\267\""..., 52) = 52
8655  22:11:51 clock_gettime(CLOCK_BOOTTIME, {14179, 762500854}) = 0
8655  22:11:51 select(12, [3 6 11], [], NULL, NULL) = 1 (in [3])
8655  22:11:51 rt_sigprocmask(SIG_BLOCK, [CHLD], [], 8) = 0
8655  22:11:51 rt_sigprocmask(SIG_SETMASK, [], NULL, 8) = 0
8655  22:11:51 clock_gettime(CLOCK_BOOTTIME, {14179, 949867188}) = 0
8655  22:11:51 read(3, "\0\0\0\20\5\213u\254%\262F\356\263|#,\225\253D8\213Z\326g\310p\256\335DM\376f"..., 16384) = 36
8655  22:11:51 clock_gettime(CLOCK_BOOTTIME, {14179, 949920403}) = 0
8655  22:11:51 select(12, [3 6 11], [9], NULL, NULL) = 1 (out [9])
8655  22:11:51 rt_sigprocmask(SIG_BLOCK, [CHLD], [], 8) = 0
8655  22:11:51 rt_sigprocmask(SIG_SETMASK, [], NULL, 8) = 0
8655  22:11:51 clock_gettime(CLOCK_BOOTTIME, {14179, 949991877}) = 0
8655  22:11:51 write(9, "\10", 1)       = 1
8655  22:11:51 ioctl(9, TCGETS, {B38400 opost isig -icanon -echo ...}) = 0
8655  22:11:51 clock_gettime(CLOCK_BOOTTIME, {14179, 950085479}) = 0
8655  22:11:51 select(12, [3 6 11], [], NULL, NULL) = 1 (in [11])
8655  22:11:51 rt_sigprocmask(SIG_BLOCK, [CHLD], [], 8) = 0
8655  22:11:51 rt_sigprocmask(SIG_SETMASK, [], NULL, 8) = 0
8655  22:11:51 clock_gettime(CLOCK_BOOTTIME, {14179, 950160229}) = 0
8655  22:11:51 read(11, "\7", 16384)    = 1
8655  22:11:51 clock_gettime(CLOCK_BOOTTIME, {14179, 950219865}) = 0
8655  22:11:51 select(12, [3 6 11], [3], NULL, NULL) = 1 (out [3])
8655  22:11:51 rt_sigprocmask(SIG_BLOCK, [CHLD], [], 8) = 0
8655  22:11:51 rt_sigprocmask(SIG_SETMASK, [], NULL, 8) = 0
8655  22:11:51 clock_gettime(CLOCK_BOOTTIME, {14179, 950297825}) = 0
8655  22:11:51 write(3, "\0\0\0\20S\313\2267\303^\246\352\337\203\350\322\346S\r\211\336l|\0\223Vrrp\266O\4"..., 36) = 36
8655  22:11:51 clock_gettime(CLOCK_BOOTTIME, {14179, 950434723}) = 0
8655  22:11:51 select(12, [3 6 11], [], NULL, NULL) = 1 (in [3])
8655  22:11:51 rt_sigprocmask(SIG_BLOCK, [CHLD], [], 8) = 0
8655  22:11:51 rt_sigprocmask(SIG_SETMASK, [], NULL, 8) = 0
8655  22:11:51 clock_gettime(CLOCK_BOOTTIME, {14180, 170839873}) = 0
8655  22:11:51 read(3, "\0\0\0\20\223\341\201BR\241\356\36\366\177H2.0f>i\17\263c\203\300d(\3705K\250"..., 16384) = 36
8655  22:11:51 clock_gettime(CLOCK_BOOTTIME, {14180, 172750823}) = 0
8655  22:11:51 select(12, [3 6 11], [9], NULL, NULL) = 1 (out [9])
8655  22:11:51 rt_sigprocmask(SIG_BLOCK, [CHLD], [], 8) = 0
8655  22:11:51 rt_sigprocmask(SIG_SETMASK, [], NULL, 8) = 0
8655  22:11:51 clock_gettime(CLOCK_BOOTTIME, {14180, 172827384}) = 0
8655  22:11:51 write(9, "\10", 1)       = 1
8655  22:11:51 ioctl(9, TCGETS, {B38400 opost isig -icanon -echo ...}) = 0
8655  22:11:51 clock_gettime(CLOCK_BOOTTIME, {14180, 172920513}) = 0
8655  22:11:51 select(12, [3 6 11], [], NULL, NULL) = 1 (in [11])
8655  22:11:51 rt_sigprocmask(SIG_BLOCK, [CHLD], [], 8) = 0
8655  22:11:51 rt_sigprocmask(SIG_SETMASK, [], NULL, 8) = 0
8655  22:11:51 clock_gettime(CLOCK_BOOTTIME, {14180, 172995153}) = 0
8655  22:11:51 read(11, "\7", 16384)    = 1
8655  22:11:51 clock_gettime(CLOCK_BOOTTIME, {14180, 173041254}) = 0
8655  22:11:51 select(12, [3 6 11], [3], NULL, NULL) = 1 (out [3])
8655  22:11:51 rt_sigprocmask(SIG_BLOCK, [CHLD], [], 8) = 0
8655  22:11:51 rt_sigprocmask(SIG_SETMASK, [], NULL, 8) = 0
8655  22:11:51 clock_gettime(CLOCK_BOOTTIME, {14180, 173106752}) = 0
8655  22:11:51 write(3, "\0\0\0\20\214i\t(5>\n\306\271!\271:v\30\243e;t\357\367\200+\277\204\3\n\235~"..., 36) = 36
8655  22:11:51 clock_gettime(CLOCK_BOOTTIME, {14180, 173258968}) = 0
8655  22:11:51 select(12, [3 6 11], [], NULL, NULL) = 1 (in [3])
8655  22:11:52 rt_sigprocmask(SIG_BLOCK, [CHLD], [], 8) = 0
8655  22:11:52 rt_sigprocmask(SIG_SETMASK, [], NULL, 8) = 0
8655  22:11:52 clock_gettime(CLOCK_BOOTTIME, {14181, 29095958}) = 0
8655  22:11:52 read(3, "\0\0\0\20\f{c\344\225(\231\337O\255\0\263\316H\f\t:`5\3610\352.\205 \21M\10"..., 16384) = 36
8655  22:11:52 clock_gettime(CLOCK_BOOTTIME, {14181, 29154718}) = 0
8655  22:11:52 select(12, [3 6 11], [9], NULL, NULL) = 1 (out [9])
8655  22:11:52 rt_sigprocmask(SIG_BLOCK, [CHLD], [], 8) = 0
8655  22:11:52 rt_sigprocmask(SIG_SETMASK, [], NULL, 8) = 0
8655  22:11:52 clock_gettime(CLOCK_BOOTTIME, {14181, 29234198}) = 0
8655  22:11:52 write(9, "i", 1)         = 1
8655  22:11:52 ioctl(9, TCGETS, {B38400 opost isig -icanon -echo ...}) = 0
8655  22:11:52 clock_gettime(CLOCK_BOOTTIME, {14181, 29306046}) = 0
8655  22:11:52 select(12, [3 6 11], [], NULL, NULL) = 1 (in [11])
8655  22:11:52 rt_sigprocmask(SIG_BLOCK, [CHLD], [], 8) = 0
8655  22:11:52 rt_sigprocmask(SIG_SETMASK, [], NULL, 8) = 0
8655  22:11:52 clock_gettime(CLOCK_BOOTTIME, {14181, 31332898}) = 0
8655  22:11:52 read(11, "i", 16384)     = 1
8655  22:11:52 clock_gettime(CLOCK_BOOTTIME, {14181, 31390960}) = 0
8655  22:11:52 select(12, [3 6 11], [3], NULL, NULL) = 1 (out [3])
8655  22:11:52 rt_sigprocmask(SIG_BLOCK, [CHLD], [], 8) = 0
8655  22:11:52 rt_sigprocmask(SIG_SETMASK, [], NULL, 8) = 0
8655  22:11:52 clock_gettime(CLOCK_BOOTTIME, {14181, 31458366}) = 0
8655  22:11:52 write(3, "\0\0\0\20\22\234\314\\\235\324e\245w\301'\26\316\260\254\25\303\3\351\334\317\201<G\304\360F]"..., 36) = 36
8655  22:11:52 clock_gettime(CLOCK_BOOTTIME, {14181, 31674789}) = 0
8655  22:11:52 select(12, [3 6 11], [], NULL, NULL) = 1 (in [3])
8655  22:11:53 rt_sigprocmask(SIG_BLOCK, [CHLD], [], 8) = 0
8655  22:11:53 rt_sigprocmask(SIG_SETMASK, [], NULL, 8) = 0
8655  22:11:53 clock_gettime(CLOCK_BOOTTIME, {14181, 752088326}) = 0
8655  22:11:53 read(3, "\0\0\0\20}Y\310\213D\333\336\316\216\341\326|\301\321[\371O|\303\34r\34QX]B\0:"..., 16384) = 36
8655  22:11:53 clock_gettime(CLOCK_BOOTTIME, {14181, 752160942}) = 0
8655  22:11:53 select(12, [3 6 11], [9], NULL, NULL) = 1 (out [9])
8655  22:11:53 rt_sigprocmask(SIG_BLOCK, [CHLD], [], 8) = 0
8655  22:11:53 rt_sigprocmask(SIG_SETMASK, [], NULL, 8) = 0
8655  22:11:53 clock_gettime(CLOCK_BOOTTIME, {14181, 752242363}) = 0
8655  22:11:53 write(9, "f", 1)         = 1
8655  22:11:53 ioctl(9, TCGETS, {B38400 opost isig -icanon -echo ...}) = 0
8655  22:11:53 clock_gettime(CLOCK_BOOTTIME, {14181, 752408703}) = 0
8655  22:11:53 select(12, [3 6 11], [], NULL, NULL) = 1 (in [11])
8655  22:11:53 rt_sigprocmask(SIG_BLOCK, [CHLD], [], 8) = 0
8655  22:11:53 rt_sigprocmask(SIG_SETMASK, [], NULL, 8) = 0
8655  22:11:53 clock_gettime(CLOCK_BOOTTIME, {14181, 752725731}) = 0
8655  22:11:53 read(11, "f", 16384)     = 1
8655  22:11:53 clock_gettime(CLOCK_BOOTTIME, {14181, 752770151}) = 0
8655  22:11:53 select(12, [3 6 11], [3], NULL, NULL) = 1 (out [3])
8655  22:11:53 rt_sigprocmask(SIG_BLOCK, [CHLD], [], 8) = 0
8655  22:11:53 rt_sigprocmask(SIG_SETMASK, [], NULL, 8) = 0
8655  22:11:53 clock_gettime(CLOCK_BOOTTIME, {14181, 752845755}) = 0
8655  22:11:53 write(3, "\0\0\0\20\344\201%\25\3\314\\k')\3606\365\310_`\376\236$O;\31\366\362\235b\321T"..., 36) = 36
8655  22:11:53 clock_gettime(CLOCK_BOOTTIME, {14181, 753441969}) = 0
8655  22:11:53 select(12, [3 6 11], [], NULL, NULL) = 1 (in [3])
8655  22:11:54 rt_sigprocmask(SIG_BLOCK, [CHLD], [], 8) = 0
8655  22:11:54 rt_sigprocmask(SIG_SETMASK, [], NULL, 8) = 0
8655  22:11:54 clock_gettime(CLOCK_BOOTTIME, {14183, 89705887}) = 0
8655  22:11:54 read(3, "\0\0\0\0200l\"\370*\311q\262\322U8O\330&c\304\356Q\7\312F\t^\5h9b|"..., 16384) = 36
8655  22:11:54 clock_gettime(CLOCK_BOOTTIME, {14183, 89798784}) = 0
8655  22:11:54 select(12, [3 6 11], [9], NULL, NULL) = 1 (out [9])
8655  22:11:54 rt_sigprocmask(SIG_BLOCK, [CHLD], [], 8) = 0
8655  22:11:54 rt_sigprocmask(SIG_SETMASK, [], NULL, 8) = 0
8655  22:11:54 clock_gettime(CLOCK_BOOTTIME, {14183, 89950377}) = 0
8655  22:11:54 write(9, "c", 1)         = 1
8655  22:11:54 ioctl(9, TCGETS, {B38400 opost isig -icanon -echo ...}) = 0
8655  22:11:54 clock_gettime(CLOCK_BOOTTIME, {14183, 90118757}) = 0
8655  22:11:54 select(12, [3 6 11], [], NULL, NULL) = 1 (in [11])
8655  22:11:54 rt_sigprocmask(SIG_BLOCK, [CHLD], [], 8) = 0
8655  22:11:54 rt_sigprocmask(SIG_SETMASK, [], NULL, 8) = 0
8655  22:11:54 clock_gettime(CLOCK_BOOTTIME, {14183, 90278696}) = 0
8655  22:11:54 read(11, "c", 16384)     = 1
8655  22:11:54 clock_gettime(CLOCK_BOOTTIME, {14183, 90368061}) = 0
8655  22:11:54 select(12, [3 6 11], [3], NULL, NULL) = 1 (out [3])
8655  22:11:54 rt_sigprocmask(SIG_BLOCK, [CHLD], [], 8) = 0
8655  22:11:54 rt_sigprocmask(SIG_SETMASK, [], NULL, 8) = 0
8655  22:11:54 clock_gettime(CLOCK_BOOTTIME, {14183, 90506067}) = 0
8655  22:11:54 write(3, "\0\0\0\20\22\220\243\325\316\345\206\v\324G\346\371\2\237*\242\37\242W\37L#\261\366\356\222\303\213"..., 36) = 36
8655  22:11:54 clock_gettime(CLOCK_BOOTTIME, {14183, 90727865}) = 0
8655  22:11:54 select(12, [3 6 11], [], NULL, NULL) = 1 (in [3])
8655  22:11:55 rt_sigprocmask(SIG_BLOCK, [CHLD], [], 8) = 0
8655  22:11:55 rt_sigprocmask(SIG_SETMASK, [], NULL, 8) = 0
8655  22:11:55 clock_gettime(CLOCK_BOOTTIME, {14183, 896433446}) = 0
8655  22:11:55 read(3, "\0\0\0\20>\25\213W\34\370\257\255i\350\252~\356\306\313\216\35s{<&\21u,{P\303\217"..., 16384) = 36
8655  22:11:55 clock_gettime(CLOCK_BOOTTIME, {14183, 896511397}) = 0
8655  22:11:55 select(12, [3 6 11], [9], NULL, NULL) = 1 (out [9])
8655  22:11:55 rt_sigprocmask(SIG_BLOCK, [CHLD], [], 8) = 0
8655  22:11:55 rt_sigprocmask(SIG_SETMASK, [], NULL, 8) = 0
8655  22:11:55 clock_gettime(CLOCK_BOOTTIME, {14183, 896714445}) = 0
8655  22:11:55 write(9, "\t", 1)        = 1
8655  22:11:55 ioctl(9, TCGETS, {B38400 opost isig -icanon -echo ...}) = 0
8655  22:11:55 clock_gettime(CLOCK_BOOTTIME, {14183, 896830206}) = 0
8655  22:11:55 select(12, [3 6 11], [], NULL, NULL) = 1 (in [11])
8655  22:11:55 rt_sigprocmask(SIG_BLOCK, [CHLD], [], 8) = 0
8655  22:11:55 rt_sigprocmask(SIG_SETMASK, [], NULL, 8) = 0
8655  22:11:55 clock_gettime(CLOCK_BOOTTIME, {14183, 898415446}) = 0
8655  22:11:55 read(11, "onfig ", 16384) = 6
8655  22:11:55 clock_gettime(CLOCK_BOOTTIME, {14183, 898458033}) = 0
8655  22:11:55 select(12, [3 6 11], [3], NULL, NULL) = 1 (out [3])
8655  22:11:55 rt_sigprocmask(SIG_BLOCK, [CHLD], [], 8) = 0
8655  22:11:55 rt_sigprocmask(SIG_SETMASK, [], NULL, 8) = 0
8655  22:11:55 clock_gettime(CLOCK_BOOTTIME, {14183, 898526911}) = 0
8655  22:11:55 write(3, "\0\0\0 M\224\247\37\2311\361\340{.>=\246\21\353\312\221`\316\255\222\303\372\t\271\276\200\275"..., 52) = 52
8655  22:11:55 clock_gettime(CLOCK_BOOTTIME, {14183, 898705993}) = 0
8655  22:11:55 select(12, [3 6 11], [], NULL, NULL) = 1 (in [3])
8655  22:11:56 rt_sigprocmask(SIG_BLOCK, [CHLD], [], 8) = 0
8655  22:11:56 rt_sigprocmask(SIG_SETMASK, [], NULL, 8) = 0
8655  22:11:56 clock_gettime(CLOCK_BOOTTIME, {14184, 933503716}) = 0
8655  22:11:56 read(3, "\0\0\0\20/l]\276\2471\344|\316\36\370\250\262|\225XR@\32\360\306\223\264\\\372\335&\236"..., 16384) = 36
8655  22:11:56 clock_gettime(CLOCK_BOOTTIME, {14184, 933563645}) = 0
8655  22:11:56 select(12, [3 6 11], [9], NULL, NULL) = 1 (out [9])
8655  22:11:56 rt_sigprocmask(SIG_BLOCK, [CHLD], [], 8) = 0
8655  22:11:56 rt_sigprocmask(SIG_SETMASK, [], NULL, 8) = 0
8655  22:11:56 clock_gettime(CLOCK_BOOTTIME, {14184, 933668500}) = 0
8655  22:11:56 write(9, "\r", 1)        = 1
8655  22:11:56 clock_gettime(CLOCK_BOOTTIME, {14184, 933731063}) = 0
8655  22:11:56 select(12, [3 6 11], [], NULL, NULL) = 1 (in [11])
8655  22:11:56 rt_sigprocmask(SIG_BLOCK, [CHLD], [], 8) = 0
8655  22:11:56 rt_sigprocmask(SIG_SETMASK, [], NULL, 8) = 0
8655  22:11:56 clock_gettime(CLOCK_BOOTTIME, {14184, 935285789}) = 0
8655  22:11:56 read(11, "\r\nens33     Link encap:Ethernet "..., 16384) = 922
8655  22:11:56 clock_gettime(CLOCK_BOOTTIME, {14184, 935341126}) = 0
8655  22:11:56 select(12, [3 6 11], [3], NULL, NULL) = 2 (in [11], out [3])
8655  22:11:56 rt_sigprocmask(SIG_BLOCK, [CHLD], [], 8) = 0
8655  22:11:56 rt_sigprocmask(SIG_SETMASK, [], NULL, 8) = 0
8655  22:11:56 clock_gettime(CLOCK_BOOTTIME, {14184, 935419172}) = 0
8655  22:11:56 read(11, "\33]0;audit@jimmy-virtual-machine:"..., 16384) = 66
8655  22:11:56 write(3, "\0\0\3\260j&B\346\vT\352\223\334ooF|\232!j\306r\f/(f\376+?o\367#"..., 964) = 964
8655  22:11:56 clock_gettime(CLOCK_BOOTTIME, {14184, 935607933}) = 0
8655  22:11:56 select(12, [3 6 11], [3], NULL, NULL) = 1 (out [3])
8655  22:11:56 rt_sigprocmask(SIG_BLOCK, [CHLD], [], 8) = 0
8655  22:11:56 rt_sigprocmask(SIG_SETMASK, [], NULL, 8) = 0
8655  22:11:56 clock_gettime(CLOCK_BOOTTIME, {14184, 935748338}) = 0
8655  22:11:56 write(3, "\0\0\0P\3129Q\312\246\245\37u\371xj'\243\335:\350[\30T\343D\337:\217N,_\361"..., 100) = 100
8655  22:11:56 clock_gettime(CLOCK_BOOTTIME, {14184, 935788834}) = 0
8655  22:11:56 select(12, [3 6 11], [], NULL, NULL <detached ...>
